10040:
3.4
3.4
3.7
1:
3.7
3.5
3.6
4.1
3.7
3.8
3.6
3.7
3.8
3.6
3.3
3.6
3.8
3.8
3.3
3.9
3.7
4.0
3.9
3.9
3.4
4.2
3.6
10:
3.4
3.3
1000:
3.5
3.3
3.2
4.0
3.7
3.6
3.5
3.8
3.4
3.2
3.5
3.6
3.5
3.9
3.7
3.4
3.4
3.4
3.5
3.6
3.6
3.7
3.1
3.4
3.8
3.4
3.6
10000:
3.7
3.7
10001:
3.6
3.9
3.7
3.3
3.9
3.6
3.6
3.8
3.8
3.5
3.8
3.9
3.4
3.9
3.7
3.7
3.9
10002:
3.9
3.6
4.1
3.8
10003:
3.0
10004:
4.2
3.8
3.9
3.8
4.1
3.9
4.0
3.9
3.9
3.9
3.9
3.8
3.9
3.7
4.2
4.0
4.0
4.0
4.0
4.0
3.9
3.8
3.8
3.9
4.3
3.7
3.9
3.9
3.5
4.1
4.0
10005:
3.6
3.8
3.5
3.4
3.5
10006:
3.7
3.5
3.8
3.3
10007:
3.0
3.3
3.1
3.1
3.0
3.2
3.1
3.3
3.2
3.3
3.1
3.3
3.2
10008:
4.1
3.5
3.6
3.3
3.9
3.8
3.8
10009:
3.5
3.6
4.0
3.3
3.2
3.5
1001:
3.7
3.6
3.5
3.4
3.8
3.8
3.7
3.6
3.2
3.6
3.6
3.8
3.3
3.6
3.5
3.5
3.8
3.7
3.3
3.4
3.4
3.6
3.5
3.3
3.6
3.3
3.6
3.6
3.7
3.8
3.6
4.1
3.3
3.5
3.5
3.6
3.8
3.3
3.4
3.7
3.8
3.4
3.6
3.8
3.8
3.7
3.5
3.4
3.4
3.8
3.4
3.1
3.2
3.6
3.7
3.8
3.5
3.5
3.6
3.4
3.5
3.4
3.4
3.3
3.8
3.4
3.3
3.4
3.8
3.6
3.3
3.4
3.6
3.4
3.2
3.7
3.2
3.2
3.6
3.6
3.8
3.8
3.2
3.5
3.6
3.5
3.5
3.8
3.5
3.3
3.8
3.5
3.6
3.7
3.4
3.2
3.4
3.7
3.5
3.6
3.6
3.6
3.4
3.4
3.5
3.5
3.6
3.7
3.6
3.2
3.4
3.5
3.5
3.4
3.5
3.2
3.4
3.8
3.7
3.4
3.5
3.6
3.5
3.6
3.5
3.5
3.4
3.6
3.6
3.5
3.5
3.7
3.6
3.5
10010:
3.1
3.0
3.0
3.4
3.2
3.0
3.1
3.0
2.9
3.2
3.0
2.9
3.0
2.9
3.3
3.0
2.9
3.2
2.7
3.1
2.9
2.9
3.0
10011:
4.0
3.8
10012:
3.5
3.8
3.4
3.5
3.7
3.7
3.2
3.4
3.4
3.6
3.7
3.5
3.4
10013:
3.6
3.4
3.6
3.6
3.5
3.6
3.4
3.6
3.5
3.7
3.3
3.8
3.5
3.6
3.4
3.5
3.3
3.4
3.5
3.3
3.4
3.3
3.5
3.7
3.6
3.4
3.5
3.2
3.3
3.5
3.4
3.4
3.4
3.7
3.4
3.4
3.5
3.8
3.7
3.3
3.8
3.5
3.6
3.6
3.5
3.3
3.5
3.5
3.4
3.6
3.4
3.4
3.6
3.7
3.5
3.2
3.7
10014:
3.3
3.7
3.2
3.7
3.4
10015:
3.7
3.5
3.3
3.6
3.8
3.6
3.8
3.7
3.7
3.6
3.8
3.6
3.5
3.8
3.8
3.6
3.7
3.8
3.6
3.8
4.2
3.8
4.0
3.5
3.5
3.5
3.9
3.7
10016:
3.1
2.9
3.1
3.2
3.6
10017:
3.3
3.5
3.5
10018:
4.0
3.8
3.3
3.4
3.6
3.7
3.6
3.5
3.2
3.8
3.6
3.8
3.6
3.7
3.5
3.7
3.6
3.7
3.5
3.7
3.8
3.5
3.8
3.9
3.6
3.8
3.7
3.7
3.8
3.8
10019:
3.6
3.1
3.7
3.4
3.9
3.9
3.6
3.2
3.7
3.6
4.0
3.4
3.4
3.5
3.7
3.6
3.7
3.6
3.5
4.0
3.7
3.7
3.7
3.6
3.8
3.7
3.4
3.5
3.5
3.7
3.6
3.4
3.7
3.8
3.5
3.8
3.1
3.7
3.8
3.8
3.8
3.9
3.7
3.7
3.9
3.4
3.7
3.9
3.7
3.6
3.4
3.5
3.7
3.5
3.0
3.1
3.3
3.5
3.9
3.5
3.4
3.5
3.8
3.5
3.8
4.1
3.5
4.1
3.6
1002:
3.5
3.3
3.5
3.6
3.4
3.6
3.8
3.1
3.6
3.6
3.8
3.6
3.5
3.4
10020:
3.8
3.8
3.7
3.9
3.8
3.7
3.7
3.9
3.9
3.8
3.8
4.2
3.8
3.7
3.8
3.8
3.9
3.6
3.9
3.6
4.0
3.5
3.7
3.7
3.5
3.2
3.9
10021:
3.1
3.2
3.3
3.0
10022:
3.1
3.5
3.3
3.3
3.5
3.5
3.2
3.2
10023:
3.8
3.7
3.8
3.6
4.1
3.6
3.5
3.7
3.6
3.8
4.0
10024:
3.6
3.8
3.6
3.7
3.6
3.5
3.4
3.5
3.7
3.7
10025:
3.3
10027:
4.0
3.8
3.7
3.7
3.4
3.7
3.6
4.0
3.5
3.9
3.7
3.8
3.8
3.6
3.8
4.0
3.6
3.8
3.9
3.8
3.6
3.8
3.7
3.7
3.9
3.8
4.0
4.0
4.2
4.0
4.0
3.9
3.5
3.7
3.9
4.0
4.1
3.8
3.9
3.6
3.9
3.9
4.2
3.7
3.7
4.0
3.8
3.8
3.9
3.9
3.8
3.9
3.7
3.6
3.6
3.8
3.6
3.6
4.0
3.9
3.7
3.6
3.8
3.5
4.0
4.2
3.5
3.9
3.5
3.9
3.9
3.9
3.9
3.8
4.0
3.8
3.9
3.8
3.4
3.7
4.1
4.2
3.5
3.8
3.8
3.9
3.7
3.8
10028:
3.4
3.5
3.4
3.8
3.9
3.4
3.9
10029:
3.4
3.8
3.7
3.3
10031:
3.5
3.3
3.6
3.1
3.7
3.3
3.2
3.1
3.3
10032:
3.4
4.1
3.9
3.9
3.8
3.3
3.6
3.5
3.7
3.2
3.4
3.9
4.1
3.6
3.9
3.3
3.7
3.6
3.6
3.7
3.5
3.6
3.5
3.6
3.7
3.4
3.5
3.6
3.9
3.5
3.6
3.7
3.9
3.7
3.4
3.8
3.6
3.5
3.6
3.6
3.6
3.6
3.6
3.4
3.5
3.6
3.8
10033:
3.7
3.5
3.2
3.6
3.5
3.3
3.5
3.4
3.6
3.4
3.7
3.5
4.1
3.8
10034:
2.8
3.3
10035:
3.2
4.1
4.1
3.9
4.0
4.0
3.8
3.6
3.7
3.6
3.8
3.8
3.8
3.9
3.8
3.8
3.8
3.9
3.9
4.3
10036:
3.7
3.6
3.6
3.5
3.8
3.7
3.4
3.7
3.3
3.4
3.5
3.7
3.8
3.8
4.1
3.8
3.7
3.8
3.2
3.4
3.7
3.6
4.1
3.8
3.7
3.9
3.8
3.8
3.8
3.4
3.7
3.4
3.4
3.6
3.5
3.6
3.7
3.7
3.6
3.8
3.6
3.7
3.9
3.8
3.8
3.9
4.0
4.2
3.5
3.8
3.5
3.7
3.7
3.4
3.7
3.8
3.6
4.2
3.6
3.8
3.7
4.0
3.5
4.0
3.5
4.0
3.7
3.8
3.7
3.8
4.1
3.8
3.8
3.5
3.8
3.9
3.9
3.5
3.9
3.9
3.7
3.6
4.1
3.8
3.4
3.7
3.6
3.8
3.8
3.6
3.4
3.9
3.6
3.9
3.6
3.5
3.5
3.8
3.6
3.9
3.9
3.5
3.6
4.0
3.6
3.4
3.9
3.5
3.6
3.8
3.8
3.6
3.6
3.7
3.6
3.7
4.1
3.6
3.6
3.8
3.7
3.7
3.8
3.7
3.8
3.5
3.8
4.0
3.6
3.5
3.9
3.5
3.5
4.1
3.6
3.5
3.8
3.7
3.9
3.4
4.0
3.9
3.6
3.7
3.5
4.1
3.6
3.7
3.6
3.5
3.9
3.8
3.8
3.6
3.7
3.6
4.1
3.7
3.7
4.0
3.8
3.6
3.8
3.8
3.7
3.7
3.8
4.0
3.8
3.6
3.5
3.6
3.9
3.6
3.8
3.8
3.6
3.8
3.8
4.0
3.7
4.0
3.5
3.7
4.1
3.6
3.7
3.6
3.8
3.7
3.7
3.5
3.8
4.1
3.8
3.4
3.7
3.8
3.5
3.7
3.7
3.7
3.6
3.8
3.4
4.2
3.7
3.9
3.7
3.6
3.7
3.6
4.0
3.6
3.6
10037:
3.8
3.4
3.5
3.7
3.7
3.7
3.5
3.3
3.5
3.7
3.5
3.5
3.4
3.5
10038:
3.9
3.4
3.4
3.4
3.4
3.6
3.6
3.3
10039:
2.8
1004:
3.1
3.0
3.3
3.2
3.4
3.3
3.2
3.6
3.0
3.3
3.4
3.5
3.5
3.4
3.2
3.0
3.3
3.4
3.2
3.3
3.4
3.4
3.4
2.8
3.2
3.0
3.3
3.3
3.1
3.3
3.2
10040:
3.4
3.4
3.7
10041:
3.7
3.3
3.4
3.2
3.4
3.4
3.7
3.4
3.0
3.3
2.8
3.5
3.7
3.2
3.4
3.5
3.4
3.2
3.3
3.1
3.3
3.4
3.3
3.4
3.5
3.1
3.5
3.2
3.4
3.2
3.5
10042:
4.1
3.8
4.0
3.9
4.0
4.3
4.3
3.9
4.3
3.9
4.1
3.9
4.1
4.0
4.0
4.2
3.8
4.2
4.2
4.1
4.2
4.2
3.7
4.0
4.1
4.3
4.2
3.6
4.1
4.1
4.1
4.1
4.0
4.2
4.1
4.3
4.0
4.2
3.9
3.8
4.1
4.0
3.9
3.9
4.1
4.2
4.0
3.8
4.0
3.8
4.0
4.2
4.3
3.6
4.4
4.2
3.7
4.1
3.8
4.0
4.0
4.0
4.1
4.0
3.7
3.8
3.9
4.3
4.0
3.8
3.9
3.9
4.0
3.9
3.8
4.3
4.2
4.0
4.0
4.1
3.8
4.1
4.1
4.0
4.2
3.9
4.1
4.1
3.8
4.2
3.9
4.1
4.5
4.0
4.0
4.1
3.9
4.0
4.0
3.9
4.1
4.2
3.9
4.3
4.1
4.0
4.0
4.0
4.3
4.0
4.2
4.0
3.9
4.2
3.9
4.0
4.0
3.8
4.1
4.3
3.8
4.3
4.0
4.3
4.1
4.4
3.8
3.9
4.1
3.9
3.9
4.1
4.0
3.3
4.0
4.0
4.3
4.4
3.9
4.4
4.0
4.3
4.0
3.9
4.0
4.0
4.1
3.7
3.9
4.2
3.9
4.1
4.4
4.0
4.1
3.9
3.9
3.7
3.8
4.1
3.7
4.2
4.0
4.1
3.9
4.2
3.9
3.9
4.0
4.1
4.2
4.2
3.9
4.0
4.2
3.9
4.1
4.3
4.4
4.0
3.9
4.3
4.3
3.9
4.1
4.3
3.9
3.7
4.0
4.2
3.9
4.0
4.2
3.8
4.2
4.3
4.2
4.0
4.0
4.1
4.1
4.2
4.1
4.0
4.1
3.5
4.1
4.1
4.1
3.9
3.9
3.9
4.3
4.2
4.3
4.2
4.3
4.1
4.0
4.1
4.0
4.1
4.2
4.2
4.0
4.1
4.2
3.9
4.2
4.0
4.0
4.1
4.1
4.2
4.3
4.0
4.4
3.9
4.2
4.1
3.9
4.3
4.0
4.2
4.1
4.3
4.3
4.2
4.0
4.1
3.8
4.0
4.4
4.0
3.9
4.2
3.9
4.1
4.1
3.8
3.9
4.0
4.0
4.3
3.7
4.0
4.1
4.1
4.0
3.9
4.0
4.2
4.0
3.9
4.1
3.9
4.0
4.1
4.2
4.1
4.0
3.9
4.2
3.9
4.1
3.9
3.9
4.2
3.9
4.1
4.1
3.8
4.1
3.9
4.0
3.9
4.0
4.1
3.9
4.0
4.1
4.1
4.1
4.1
3.8
4.0
4.0
4.1
4.1
4.0
4.0
4.0
4.3
4.0
4.0
4.2
4.0
4.2
4.2
3.9
4.1
3.9
4.2
4.1
4.2
4.2
4.2
4.1
4.2
4.0
4.2
4.3
3.8
4.2
3.9
4.1
4.2
4.4
3.9
4.2
4.2
4.2
4.2
4.5
3.9
4.1
4.1
4.3
3.9
4.2
4.3
3.9
4.2
4.0
3.8
4.1
4.2
4.2
3.9
4.1
3.9
3.9
4.0
4.0
4.0
4.0
3.8
3.9
4.3
4.1
4.4
4.0
4.0
4.0
4.0
4.3
3.8
3.7
4.1
4.1
4.0
4.1
3.8
4.1
3.9
4.2
4.0
3.9
3.8
4.0
4.0
3.9
4.0
3.8
3.9
4.3
4.0
3.8
4.0
4.1
4.0
4.0
3.9
3.9
4.0
4.0
4.1
4.0
3.7
4.2
4.2
3.8
4.1
4.0
4.2
4.1
3.8
4.3
4.1
3.8
4.4
4.0
4.1
4.3
4.1
3.9
4.2
4.3
4.2
3.9
3.9
4.2
3.8
4.1
4.2
3.8
4.0
3.5
3.9
4.3
4.2
4.2
4.0
4.0
4.2
4.2
4.2
4.1
4.0
3.8
3.9
4.2
4.0
4.2
4.3
4.2
3.9
4.1
3.9
4.2
4.0
3.9
3.9
3.8
4.4
4.0
4.2
4.0
4.1
4.3
4.1
4.0
3.9
4.2
4.3
4.2
4.1
4.3
3.9
3.8
4.1
4.1
4.0
3.9
4.4
3.9
4.1
4.0
4.1
3.9
4.0
3.9
3.8
4.0
4.0
4.1
4.0
4.1
4.0
3.9
3.8
3.8
4.0
3.8
3.7
4.3
4.1
4.2
3.8
4.1
4.0
4.2
4.0
4.0
4.2
4.2
4.3
4.3
3.9
4.0
4.2
3.9
3.9
4.0
4.3
4.1
4.0
3.7
3.7
4.3
4.1
3.8
4.0
4.1
4.3
3.9
4.3
4.3
4.2
4.0
3.9
4.2
4.1
4.0
4.2
4.4
3.8
4.3
4.3
4.0
3.8
3.6
4.2
3.1
4.0
4.2
4.0
3.9
3.8
4.2
4.0
3.8
4.1
4.0
4.1
4.2
4.0
3.8
4.0
3.8
4.0
3.7
3.8
4.2
3.9
4.2
4.0
3.7
4.0
4.0
4.3
3.8
4.0
3.9
4.0
4.1
4.1
4.2
4.2
4.1
4.0
4.0
3.9
3.9
3.8
4.0
4.1
4.1
3.9
3.8
4.0
4.2
4.0
3.9
3.7
4.1
4.0
4.0
4.3
3.8
3.9
3.8
4.4
4.1
3.9
3.9
3.8
4.3
4.0
3.9
3.8
4.0
4.1
4.0
3.8
4.0
3.8
3.7
4.1
4.0
4.1
4.1
4.1
3.9
4.0
3.8
4.3
4.0
4.0
4.3
4.1
3.8
4.1
4.1
4.2
4.1
4.3
4.0
4.0
4.0
4.0
4.0
4.0
4.1
4.2
4.1
4.0
4.2
4.0
4.1
3.6
4.2
3.7
4.0
4.1
4.2
4.0
3.8
3.9
4.1
4.0
3.9
4.2
4.2
4.3
4.1
3.8
4.1
3.9
3.9
4.3
3.9
4.1
3.8
4.0
3.9
4.0
4.4
3.9
4.0
3.9
4.2
4.0
4.0
4.0
4.1
4.1
4.2
4.0
4.0
4.2
3.6
4.0
4.1
4.1
4.2
4.0
3.9
3.9
4.0
4.0
3.9
4.1
4.2
4.1
4.2
4.1
4.1
4.2
4.0
3.8
4.2
4.3
4.1
3.8
3.9
4.1
3.6
3.8
3.9
4.1
4.0
4.2
3.9
4.2
4.1
4.0
4.0
4.2
3.8
4.0
4.0
3.8
4.1
4.0
4.0
4.2
4.1
4.1
4.3
3.9
4.2
4.2
4.0
4.1
4.2
0.93
