1 10 20
100 200 125
201 210 89
900 1000 174
1 1000000 525
1 2 2
999999 1000000 259
10 1 20
460 3520 217
160134 194448 370
446 753788 509
959 830768 509
93201 857263 525
860897 876 525
670398 5861 509
966861 87792 525
907 213282 383
7730 54874 340
24804 449725 449
929039 220 525
201444 18443 383
947222 62501 525
37 728673 509
2858 41788 324
81268 392779 443
660786 132 509
743014 78672 509
501294 906645 525
613 275277 443
7842 241660 443
25974 138222 354
168740 926 383
936375 73383 525
776849 249543 509
569 515086 470
7630 42224 324
13936 429816 449
464901 895 449
512429 88142 470
274317 80990 443
752 479011 449
7262 957810 525
61576 842120 525
225632 216 386
359478 57043 443
822760 618497 509
255 936392 525
1856 793042 509
25124 998891 525
493773 888 449
988848 35954 525
598929 556661 434
252 765029 509
6880 757036 509
77038 499531 449
136895 884 354
545433 67719 470
313765 669770 509
682 682923 509
1652 187103 383
1460 18086 279
8650 375 262
299210 68381 443
680926 868844 525
527 446239 449
4567 967530 525
72171 657127 509
303843 642 443
775510 75187 509
643110 812997 504
170 98482 351
7454 313488 443
55257 638197 509
217626 422 386
171144 40043 383
958219 665365 525
719 627850 509
8679 500348 449
54769 429717 449
982331 283 525
255003 49886 443
122355 862634 525
562 70488 340
5747 568623 470
97484 919774 525
839405 296 525
375469 92174 443
31804 884966 525
678 282686 443
8859 819327 509
99776 182214 383
618136 936 470
455183 89727 449
843363 357683 525
609 751283 509
3559 200001 383
38274 264622 443
182943 414 383
804037 68076 509
662039 539039 509
595 147813 375
2319 789266 509
89386 413409 449
535935 61 470
201911 89819 383
566686 401423 470
205 251433 443
2602 978046 525
87749 511712 449
596106 750 470
762346 33921 509
608674 134273 470
357 103480 351
8695 592257 470
10535 286033 443
648665 469 509
365295 90006 443
962164 182254 525
174 192710 383
6789 703161 509
45505 547389 470
750391 397 509
432519 25047 449
526756 911978 525
436 812082 509
1515 818065 509
73950 185704 383
645513 742 509
856235 22657 525
255313 913567 525
6 849527 525
8765 123337 354
82508 770939 509
177629 27 383
336863 45091 443
368417 800388 509
318 699690 509
8954 845637 525
93501 30481 351
12726 896 268
117500 63184 354
466029 646621 509
4 899300 525
5605 507286 449
87277 562800 470
133948 885 354
745610 88357 509
502525 809555 509
185 558404 470
9972 273065 443
16562 651159 509
611681 676 470
843096 30796 525
924939 69196 525
894 771797 509
2557 60086 340
5388 121471 354
15038 247 276
838975 79489 525
